<?xml version="1.0" encoding="UTF-8"?>
<!-- Generated by org.testng.reporters.JUnitReportReporter -->
<testsuite hostname="ShivBaba" failures="0" tests="1" name="testclasses.HomeTest" time="0.000" errors="0" timestamp="2022-12-31T17:53:51 IST" skipped="1">
  <testcase classname="testclasses.HomeTest" name="verifySearch" time="0.000">
    <skipped/>
  </testcase> <!-- verifySearch -->
  <system-out/>
</testsuite> <!-- testclasses.HomeTest -->
