<?xml version="1.0" encoding="UTF-8"?>
<!-- Generated by org.testng.reporters.JUnitReportReporter -->
<testsuite hostname="ShivBaba" failures="0" tests="1" name="testcases.HomeTest" time="104.938" errors="0" timestamp="2022-12-25T09:30:29 IST" skipped="0">
  <testcase classname="testcases.HomeTest" name="verifySearch" time="104.938"/>
  <system-out/>
</testsuite> <!-- testcases.HomeTest -->
