<?xml version="1.0" encoding="UTF-8"?>
<!-- Generated by org.testng.reporters.JUnitReportReporter -->
<testsuite hostname="ShivBaba" failures="0" tests="2" name="testclasses.LoginTest" time="11.109" errors="0" timestamp="2023-01-11T15:26:54 IST" skipped="0">
  <testcase classname="testclasses.LoginTest" name="validateTitle" time="0.252"/>
  <system-out/>
  <testcase classname="testclasses.LoginTest" name="verifyLogin" time="10.857"/>
  <system-out/>
</testsuite> <!-- testclasses.LoginTest -->
